Flow report for PSET1
Thu Nov 25 16:13:44 2021
Quartus II 32-bit Version 13.0.1 Build 232 06/12/2013 Service Pack 1 SJ Full Version


---------------------
; Table of Contents ;
---------------------
  1. Legal Notice
  2. Flow Summary
  3. Flow Settings
  4. Flow Non-Default Global Settings
  5. Flow Elapsed Time
  6. Flow OS Summary
  7. Flow Log
  8. Flow Messages
  9. Flow Suppressed Messages



----------------
; Legal Notice ;
----------------
Copyright (C) 1991-2013 Altera Corporation
Your use of Altera Corporation's design tools, logic functions 
and other software and tools, and its AMPP partner logic 
functions, and any output files from any of the foregoing 
(including device programming or simulation files), and any 
associated documentation or information are expressly subject 
to the terms and conditions of the Altera Program License 
Subscription Agreement, Altera MegaCore Function License 
Agreement, or other applicable license agreement, including, 
without limitation, that your use is for the sole purpose of 
programming logic devices manufactured by Altera and sold by 
Altera or its authorized distributors.  Please refer to the 
applicable agreement for further details.



+---------------------------------------------------------------------------------------+
; Flow Summary                                                                          ;
+------------------------------------+--------------------------------------------------+
; Flow Status                        ; Successful - Thu Nov 25 16:13:44 2021            ;
; Quartus II 32-bit Version          ; 13.0.1 Build 232 06/12/2013 SP 1 SJ Full Version ;
; Revision Name                      ; PSET1                                            ;
; Top-level Entity Name              ; PSET1_Processor                                  ;
; Family                             ; Cyclone II                                       ;
; Device                             ; EP2C35F672C6                                     ;
; Timing Models                      ; Final                                            ;
; Total logic elements               ; 124 / 33,216 ( < 1 % )                           ;
;     Total combinational functions  ; 123 / 33,216 ( < 1 % )                           ;
;     Dedicated logic registers      ; 34 / 33,216 ( < 1 % )                            ;
; Total registers                    ; 34                                               ;
; Total pins                         ; 50 / 475 ( 11 % )                                ;
; Total virtual pins                 ; 0                                                ;
; Total memory bits                  ; 0 / 483,840 ( 0 % )                              ;
; Embedded Multiplier 9-bit elements ; 0 / 70 ( 0 % )                                   ;
; Total PLLs                         ; 0 / 4 ( 0 % )                                    ;
+------------------------------------+--------------------------------------------------+


+-----------------------------------------+
; Flow Settings                           ;
+-------------------+---------------------+
; Option            ; Setting             ;
+-------------------+---------------------+
; Start date & time ; 11/25/2021 16:13:21 ;
; Main task         ; Compilation         ;
; Revision Name     ; PSET1               ;
+-------------------+---------------------+


+--------------------------------------------------------------------------------------------------------------------------------+
; Flow Non-Default Global Settings                                                                                               ;
+-------------------------------------+---------------------------------------+---------------+-----------------+----------------+
; Assignment Name                     ; Value                                 ; Default Value ; Entity Name     ; Section Id     ;
+-------------------------------------+---------------------------------------+---------------+-----------------+----------------+
; COMPILER_SIGNATURE_ID               ; 26403096656191.163787480120038        ; --            ; --              ; --             ;
; EDA_OUTPUT_DATA_FORMAT              ; Vhdl                                  ; --            ; --              ; eda_simulation ;
; EDA_SIMULATION_TOOL                 ; ModelSim-Altera (VHDL)                ; <None>        ; --              ; --             ;
; MAX_CORE_JUNCTION_TEMP              ; 85                                    ; --            ; --              ; --             ;
; MIN_CORE_JUNCTION_TEMP              ; 0                                     ; --            ; --              ; --             ;
; PARTITION_COLOR                     ; 16764057                              ; --            ; PSET1_Processor ; Top            ;
; PARTITION_FITTER_PRESERVATION_LEVEL ; PLACEMENT_AND_ROUTING                 ; --            ; PSET1_Processor ; Top            ;
; PARTITION_NETLIST_TYPE              ; SOURCE                                ; --            ; PSET1_Processor ; Top            ;
; POWER_BOARD_THERMAL_MODEL           ; None (CONSERVATIVE)                   ; --            ; --              ; --             ;
; POWER_PRESET_COOLING_SOLUTION       ; 23 MM HEAT SINK WITH 200 LFPM AIRFLOW ; --            ; --              ; --             ;
; PROJECT_OUTPUT_DIRECTORY            ; output_files                          ; --            ; --              ; --             ;
; TOP_LEVEL_ENTITY                    ; PSET1_Processor                       ; PSET1         ; --              ; --             ;
+-------------------------------------+---------------------------------------+---------------+-----------------+----------------+


+-------------------------------------------------------------------------------------------------------------------------------+
; Flow Elapsed Time                                                                                                             ;
+---------------------------+--------------+-------------------------+---------------------+------------------------------------+
; Module Name               ; Elapsed Time ; Average Processors Used ; Peak Virtual Memory ; Total CPU Time (on all processors) ;
+---------------------------+--------------+-------------------------+---------------------+------------------------------------+
; Analysis & Synthesis      ; 00:00:03     ; 1.0                     ; 372 MB              ; 00:00:02                           ;
; Fitter                    ; 00:00:06     ; 1.0                     ; 537 MB              ; 00:00:08                           ;
; Assembler                 ; 00:00:03     ; 1.0                     ; 343 MB              ; 00:00:02                           ;
; TimeQuest Timing Analyzer ; 00:00:01     ; 1.0                     ; 325 MB              ; 00:00:01                           ;
; EDA Netlist Writer        ; 00:00:01     ; 1.0                     ; 313 MB              ; 00:00:01                           ;
; Total                     ; 00:00:14     ; --                      ; --                  ; 00:00:14                           ;
+---------------------------+--------------+-------------------------+---------------------+------------------------------------+


+---------------------------------------------------------------------------------------------------+
; Flow OS Summary                                                                                   ;
+---------------------------+------------------------+--------------+--------------+----------------+
; Module Name               ; Machine Hostname       ; OS Name      ; OS Version   ; Processor type ;
+---------------------------+------------------------+--------------+--------------+----------------+
; Analysis & Synthesis      ; quentina.ee.ryerson.ca ; CentOS Linux ; CentOS Linux ; x86_64         ;
; Fitter                    ; quentina.ee.ryerson.ca ; CentOS Linux ; CentOS Linux ; x86_64         ;
; Assembler                 ; quentina.ee.ryerson.ca ; CentOS Linux ; CentOS Linux ; x86_64         ;
; TimeQuest Timing Analyzer ; quentina.ee.ryerson.ca ; CentOS Linux ; CentOS Linux ; x86_64         ;
; EDA Netlist Writer        ; quentina.ee.ryerson.ca ; CentOS Linux ; CentOS Linux ; x86_64         ;
+---------------------------+------------------------+--------------+--------------+----------------+


------------
; Flow Log ;
------------
quartus_map --read_settings_files=on --write_settings_files=off PSET1 -c PSET1
quartus_fit --read_settings_files=off --write_settings_files=off PSET1 -c PSET1
quartus_asm --read_settings_files=off --write_settings_files=off PSET1 -c PSET1
quartus_sta PSET1 -c PSET1
quartus_eda --read_settings_files=off --write_settings_files=off PSET1 -c PSET1



