Flow report for PSET3
Sun Nov 28 13:23:43 2021
Quartus II 32-bit Version 13.0.1 Build 232 06/12/2013 Service Pack 1 SJ Full Version


---------------------
; Table of Contents ;
---------------------
  1. Legal Notice
  2. Flow Summary
  3. Flow Settings
  4. Flow Non-Default Global Settings
  5. Flow Elapsed Time
  6. Flow OS Summary
  7. Flow Log
  8. Flow Messages
  9. Flow Suppressed Messages



----------------
; Legal Notice ;
----------------
Copyright (C) 1991-2013 Altera Corporation
Your use of Altera Corporation's design tools, logic functions 
and other software and tools, and its AMPP partner logic 
functions, and any output files from any of the foregoing 
(including device programming or simulation files), and any 
associated documentation or information are expressly subject 
to the terms and conditions of the Altera Program License 
Subscription Agreement, Altera MegaCore Function License 
Agreement, or other applicable license agreement, including, 
without limitation, that your use is for the sole purpose of 
programming logic devices manufactured by Altera and sold by 
Altera or its authorized distributors.  Please refer to the 
applicable agreement for further details.



+---------------------------------------------------------------------------------------+
; Flow Summary                                                                          ;
+------------------------------------+--------------------------------------------------+
; Flow Status                        ; Successful - Sun Nov 28 13:23:43 2021            ;
; Quartus II 32-bit Version          ; 13.0.1 Build 232 06/12/2013 SP 1 SJ Full Version ;
; Revision Name                      ; PSET3                                            ;
; Top-level Entity Name              ; PSET3_Processor                                  ;
; Family                             ; Cyclone II                                       ;
; Device                             ; EP2C35F672C6                                     ;
; Timing Models                      ; Final                                            ;
; Total logic elements               ; 16 / 33,216 ( < 1 % )                            ;
;     Total combinational functions  ; 9 / 33,216 ( < 1 % )                             ;
;     Dedicated logic registers      ; 10 / 33,216 ( < 1 % )                            ;
; Total registers                    ; 10                                               ;
; Total pins                         ; 18 / 475 ( 4 % )                                 ;
; Total virtual pins                 ; 0                                                ;
; Total memory bits                  ; 0 / 483,840 ( 0 % )                              ;
; Embedded Multiplier 9-bit elements ; 0 / 70 ( 0 % )                                   ;
; Total PLLs                         ; 0 / 4 ( 0 % )                                    ;
+------------------------------------+--------------------------------------------------+


+-----------------------------------------+
; Flow Settings                           ;
+-------------------+---------------------+
; Option            ; Setting             ;
+-------------------+---------------------+
; Start date & time ; 11/28/2021 13:23:22 ;
; Main task         ; Compilation         ;
; Revision Name     ; PSET3               ;
+-------------------+---------------------+


+-------------------------------------------------------------------------------------------------------------------------+
; Flow Non-Default Global Settings                                                                                        ;
+-------------------------------------+--------------------------------+---------------+-----------------+----------------+
; Assignment Name                     ; Value                          ; Default Value ; Entity Name     ; Section Id     ;
+-------------------------------------+--------------------------------+---------------+-----------------+----------------+
; COMPILER_SIGNATURE_ID               ; 26403095477123.163812380208697 ; --            ; --              ; --             ;
; EDA_OUTPUT_DATA_FORMAT              ; Vhdl                           ; --            ; --              ; eda_simulation ;
; EDA_SIMULATION_TOOL                 ; ModelSim-Altera (VHDL)         ; <None>        ; --              ; --             ;
; MAX_CORE_JUNCTION_TEMP              ; 85                             ; --            ; --              ; --             ;
; MIN_CORE_JUNCTION_TEMP              ; 0                              ; --            ; --              ; --             ;
; PARTITION_COLOR                     ; 16764057                       ; --            ; PSET3_Processor ; Top            ;
; PARTITION_FITTER_PRESERVATION_LEVEL ; PLACEMENT_AND_ROUTING          ; --            ; PSET3_Processor ; Top            ;
; PARTITION_NETLIST_TYPE              ; SOURCE                         ; --            ; PSET3_Processor ; Top            ;
; PROJECT_OUTPUT_DIRECTORY            ; output_files                   ; --            ; --              ; --             ;
; TOP_LEVEL_ENTITY                    ; PSET3_Processor                ; PSET3         ; --              ; --             ;
+-------------------------------------+--------------------------------+---------------+-----------------+----------------+


+-------------------------------------------------------------------------------------------------------------------------------+
; Flow Elapsed Time                                                                                                             ;
+---------------------------+--------------+-------------------------+---------------------+------------------------------------+
; Module Name               ; Elapsed Time ; Average Processors Used ; Peak Virtual Memory ; Total CPU Time (on all processors) ;
+---------------------------+--------------+-------------------------+---------------------+------------------------------------+
; Analysis & Synthesis      ; 00:00:02     ; 1.0                     ; 363 MB              ; 00:00:02                           ;
; Fitter                    ; 00:00:06     ; 1.8                     ; 529 MB              ; 00:00:06                           ;
; Assembler                 ; 00:00:02     ; 1.0                     ; 343 MB              ; 00:00:02                           ;
; TimeQuest Timing Analyzer ; 00:00:02     ; 1.0                     ; 335 MB              ; 00:00:01                           ;
; EDA Netlist Writer        ; 00:00:00     ; 1.0                     ; 302 MB              ; 00:00:00                           ;
; Total                     ; 00:00:12     ; --                      ; --                  ; 00:00:11                           ;
+---------------------------+--------------+-------------------------+---------------------+------------------------------------+


+------------------------------------------------------------------------------------------------+
; Flow OS Summary                                                                                ;
+---------------------------+---------------------+--------------+--------------+----------------+
; Module Name               ; Machine Hostname    ; OS Name      ; OS Version   ; Processor type ;
+---------------------------+---------------------+--------------+--------------+----------------+
; Analysis & Synthesis      ; uhura.ee.ryerson.ca ; CentOS Linux ; CentOS Linux ; x86_64         ;
; Fitter                    ; uhura.ee.ryerson.ca ; CentOS Linux ; CentOS Linux ; x86_64         ;
; Assembler                 ; uhura.ee.ryerson.ca ; CentOS Linux ; CentOS Linux ; x86_64         ;
; TimeQuest Timing Analyzer ; uhura.ee.ryerson.ca ; CentOS Linux ; CentOS Linux ; x86_64         ;
; EDA Netlist Writer        ; uhura.ee.ryerson.ca ; CentOS Linux ; CentOS Linux ; x86_64         ;
+---------------------------+---------------------+--------------+--------------+----------------+


------------
; Flow Log ;
------------
quartus_map --read_settings_files=on --write_settings_files=off PSET3 -c PSET3
quartus_fit --read_settings_files=off --write_settings_files=off PSET3 -c PSET3
quartus_asm --read_settings_files=off --write_settings_files=off PSET3 -c PSET3
quartus_sta PSET3 -c PSET3
quartus_eda --read_settings_files=off --write_settings_files=off PSET3 -c PSET3



